{
  "stats": {
    "suites": 2,
    "tests": 2,
    "passes": 2,
    "pending": 0,
    "failures": 0,
    "start": "2023-03-16T11:02:21.773Z",
    "end": "2023-03-16T11:02:22.642Z",
    "duration": 869,
    "testsRegistered": 2,
    "passPercent": 100,
    "pendingPercent": 0,
    "other": 0,
    "hasOther": false,
    "skipped": 0,
    "hasSkipped": false
  },
  "results": [
    {
      "uuid": "fc1130c9-d3a1-4f8d-b8d0-c9bba04bb516",
      "title": "",
      "fullFile": "",
      "file": "",
      "beforeHooks": [],
      "afterHooks": [],
      "tests": [],
      "suites": [
        {
          "uuid": "b2bd26b5-9c6e-42a9-b631-92aa615fa761",
          "title": "@post - As User, I want to see all list the data of posts",
          "fullFile": "C:\\Users\\Faisal Akmal\\Documents\\Automation\\nodejs-mocha-supertest-surplus\\test\\surplus.test.js",
          "file": "\\test\\surplus.test.js",
          "beforeHooks": [],
          "afterHooks": [],
          "tests": [
            {
              "title": "@positive - verify the data of posts is success created",
              "fullTitle": "@post - As User, I want to see all list the data of posts @positive - verify the data of posts is success created",
              "timedOut": false,
              "duration": 743,
              "state": "passed",
              "speed": "slow",
              "pass": true,
              "fail": false,
              "pending": false,
              "context": null,
              "code": "var self = this,\n  args = arguments;\nreturn new Promise(function (resolve, reject) {\n  var gen = fn.apply(self, args);\n  function _next(value) {\n    asyncGeneratorStep(gen, resolve, reject, _next, _throw, \"next\", value);\n  }\n  function _throw(err) {\n    asyncGeneratorStep(gen, resolve, reject, _next, _throw, \"throw\", err);\n  }\n  _next(undefined);\n});",
              "err": {},
              "uuid": "e0a503a6-56d4-4cc3-a3b3-f2c26cabf77f",
              "parentUUID": "b2bd26b5-9c6e-42a9-b631-92aa615fa761",
              "isHook": false,
              "skipped": false
            }
          ],
          "suites": [],
          "passes": [
            "e0a503a6-56d4-4cc3-a3b3-f2c26cabf77f"
          ],
          "failures": [],
          "pending": [],
          "skipped": [],
          "duration": 743,
          "root": false,
          "rootEmpty": false,
          "_timeout": 5000
        },
        {
          "uuid": "6d75494d-b81e-4720-b59a-c0b940bbe881",
          "title": "@get - As User, I want to see all list the data of posts}",
          "fullFile": "C:\\Users\\Faisal Akmal\\Documents\\Automation\\nodejs-mocha-supertest-surplus\\test\\surplus.test.js",
          "file": "\\test\\surplus.test.js",
          "beforeHooks": [],
          "afterHooks": [],
          "tests": [
            {
              "title": "@positive - verify the data of posts is displayed",
              "fullTitle": "@get - As User, I want to see all list the data of posts} @positive - verify the data of posts is displayed",
              "timedOut": false,
              "duration": 105,
              "state": "passed",
              "speed": "slow",
              "pass": true,
              "fail": false,
              "pending": false,
              "context": null,
              "code": "var self = this,\n  args = arguments;\nreturn new Promise(function (resolve, reject) {\n  var gen = fn.apply(self, args);\n  function _next(value) {\n    asyncGeneratorStep(gen, resolve, reject, _next, _throw, \"next\", value);\n  }\n  function _throw(err) {\n    asyncGeneratorStep(gen, resolve, reject, _next, _throw, \"throw\", err);\n  }\n  _next(undefined);\n});",
              "err": {},
              "uuid": "4224bcf3-185f-4b38-848c-2257dbeb0d13",
              "parentUUID": "6d75494d-b81e-4720-b59a-c0b940bbe881",
              "isHook": false,
              "skipped": false
            }
          ],
          "suites": [],
          "passes": [
            "4224bcf3-185f-4b38-848c-2257dbeb0d13"
          ],
          "failures": [],
          "pending": [],
          "skipped": [],
          "duration": 105,
          "root": false,
          "rootEmpty": false,
          "_timeout": 5000
        }
      ],
      "passes": [],
      "failures": [],
      "pending": [],
      "skipped": [],
      "duration": 0,
      "root": true,
      "rootEmpty": true,
      "_timeout": 5000
    }
  ],
  "meta": {
    "mocha": {
      "version": "10.2.0"
    },
    "mochawesome": {
      "options": {
        "quiet": false,
        "reportFilename": "mochawesome",
        "saveHtml": true,
        "saveJson": true,
        "consoleReporter": "spec",
        "useInlineDiffs": false,
        "code": true
      },
      "version": "7.1.3"
    },
    "marge": {
      "options": null,
      "version": "6.2.0"
    }
  }
}